demo2/build/outputs/logs/manifest-merger-debug-report.txt
-- Merging decision tree log ---
manifest
ADDED from src\main\AndroidManifest.xml:17:1-72:12
	package
		ADDED from src\main\AndroidManifest.xml:18:5-49
		INJECTED from src\main\AndroidManifest.xml
		INJECTED from src\main\AndroidManifest.xml
	android:versionName
		INJECTED from src\main\AndroidManifest.xml
		INJECTED from src\main\AndroidManifest.xml
	xmlns:android
		ADDED from src\main\AndroidManifest.xml:17:11-69
	android:versionCode
		INJECTED from src\main\AndroidManifest.xml
		INJECTED from src\main\AndroidManifest.xml
application
ADDED from src\main\AndroidManifest.xml:20:5-70:19
MERGED from [com.android.support:appcompat-v7:25.3.1] AndroidManifest.xml:29:5-20
MERGED from [com.android.support:animated-vector-drawable:25.3.1] AndroidManifest.xml:26:5-20
MERGED from [com.android.support:support-vector-drawable:25.3.1] AndroidManifest.xml:26:5-20
MERGED from [com.qihoo360.replugin:replugin-plugin-lib:2.2.4] AndroidManifest.xml:24:5-25:19
MERGED from [com.android.support:support-v4:25.3.1] AndroidManifest.xml:29:5-20
MERGED from [com.android.support:support-fragment:25.3.1] AndroidManifest.xml:29:5-20
MERGED from [com.android.support:support-media-compat:25.3.1] AndroidManifest.xml:29:5-20
MERGED from [com.android.support:support-core-ui:25.3.1] AndroidManifest.xml:29:5-20
MERGED from [com.android.support:support-core-utils:25.3.1] AndroidManifest.xml:29:5-20
MERGED from [com.android.support:support-compat:25.3.1] AndroidManifest.xml:29:5-20
	android:label
		ADDED from src\main\AndroidManifest.xml:24:9-41
	android:allowBackup
		ADDED from src\main\AndroidManifest.xml:22:9-36
	android:icon
		ADDED from src\main\AndroidManifest.xml:23:9-40
	android:name
		ADDED from src\main\AndroidManifest.xml:21:9-32
meta-data#com.qihoo360.plugin.name
ADDED from src\main\AndroidManifest.xml:26:9-28:37
	android:value
		ADDED from src\main\AndroidManifest.xml:28:13-34
	android:name
		ADDED from src\main\AndroidManifest.xml:27:13-52
meta-data#com.qihoo360.plugin.version.ver
ADDED from src\main\AndroidManifest.xml:29:9-31:35
	android:value
		ADDED from src\main\AndroidManifest.xml:31:13-32
	android:name
		ADDED from src\main\AndroidManifest.xml:30:13-59
activity#com.qihoo360.replugin.sample.demo2.MainActivity
ADDED from src\main\AndroidManifest.xml:33:9-46:20
	android:screenOrientation
		ADDED from src\main\AndroidManifest.xml:37:13-49
	android:exported
		ADDED from src\main\AndroidManifest.xml:36:13-37
	android:configChanges
		ADDED from src\main\AndroidManifest.xml:35:13-72
	android:name
		ADDED from src\main\AndroidManifest.xml:34:13-41
intent-filter#android.intent.category.DEFAULT+com.qihoo360.replugin.sample.demo2.action.theme_fullscreen_2
ADDED from src\main\AndroidManifest.xml:38:13-41:29
action#com.qihoo360.replugin.sample.demo2.action.theme_fullscreen_2
ADDED from src\main\AndroidManifest.xml:39:17-103
	android:name
		ADDED from src\main\AndroidManifest.xml:39:25-100
category#android.intent.category.DEFAULT
ADDED from src\main\AndroidManifest.xml:40:17-76
	android:name
		ADDED from src\main\AndroidManifest.xml:40:27-73
intent-filter#android.intent.action.MAIN+android.intent.category.LAUNCHER
ADDED from src\main\AndroidManifest.xml:42:13-45:29
action#android.intent.action.MAIN
ADDED from src\main\AndroidManifest.xml:43:17-69
	android:name
		ADDED from src\main\AndroidManifest.xml:43:25-66
category#android.intent.category.LAUNCHER
ADDED from src\main\AndroidManifest.xml:44:17-77
	android:name
		ADDED from src\main\AndroidManifest.xml:44:27-74
activity#com.qihoo360.replugin.sample.demo2.databinding.DataBindingActivity
ADDED from src\main\AndroidManifest.xml:47:9-69
	android:name
		ADDED from src\main\AndroidManifest.xml:47:19-66
activity#com.qihoo360.replugin.sample.demo2.activity.appcompat.AppCompatActivityDemo
ADDED from src\main\AndroidManifest.xml:49:9-53:52
	android:screenOrientation
		ADDED from src\main\AndroidManifest.xml:53:13-49
	android:exported
		ADDED from src\main\AndroidManifest.xml:51:13-37
	android:theme
		ADDED from src\main\AndroidManifest.xml:52:13-51
	android:name
		ADDED from src\main\AndroidManifest.xml:50:13-69
receiver#com.qihoo360.replugin.sample.demo2.receivers.PluginDemo2Receiver
ADDED from src\main\AndroidManifest.xml:55:9-59:20
	android:name
		ADDED from src\main\AndroidManifest.xml:55:19-64
intent-filter#com.qihoo360.repluginapp.receiver.ACTION1
ADDED from src\main\AndroidManifest.xml:56:13-58:29
action#com.qihoo360.repluginapp.receiver.ACTION1
ADDED from src\main\AndroidManifest.xml:57:17-84
	android:name
		ADDED from src\main\AndroidManifest.xml:57:25-81
service#com.qihoo360.replugin.sample.demo2.service.PluginDemo2Service
ADDED from src\main\AndroidManifest.xml:62:9-66:19
	android:name
		ADDED from src\main\AndroidManifest.xml:62:18-60
intent-filter#com.qihoo360.replugin.sample.demo2.service.action
ADDED from src\main\AndroidManifest.xml:63:13-65:29
action#com.qihoo360.replugin.sample.demo2.service.action
ADDED from src\main\AndroidManifest.xml:64:17-92
	android:name
		ADDED from src\main\AndroidManifest.xml:64:25-89
activity#com.qihoo360.replugin.sample.demo2.activity.for_result.ForResultActivity
ADDED from src\main\AndroidManifest.xml:69:9-74
	android:name
		ADDED from src\main\AndroidManifest.xml:69:19-72
uses-sdk
INJECTED from src\main\AndroidManifest.xml reason: use-sdk injection requested
MERGED from [com.android.support:appcompat-v7:25.3.1] AndroidManifest.xml:21:5-23:78
MERGED from [com.android.support:animated-vector-drawable:25.3.1] AndroidManifest.xml:20:5-44
MERGED from [com.android.support:support-vector-drawable:25.3.1] AndroidManifest.xml:20:5-43
MERGED from [com.qihoo360.replugin:replugin-plugin-lib:2.2.4] AndroidManifest.xml:22:5-43
MERGED from [com.android.databinding:adapters:1.3.1] AndroidManifest.xml:22:5-24:41
MERGED from [com.android.databinding:library:1.3.1] AndroidManifest.xml:22:5-24:41
MERGED from [com.android.support:support-v4:25.3.1] AndroidManifest.xml:21:5-23:54
MERGED from [com.android.support:support-fragment:25.3.1] AndroidManifest.xml:21:5-23:60
MERGED from [com.android.support:support-media-compat:25.3.1] AndroidManifest.xml:21:5-23:63
MERGED from [com.android.support:support-core-ui:25.3.1] AndroidManifest.xml:21:5-23:58
MERGED from [com.android.support:support-core-utils:25.3.1] AndroidManifest.xml:21:5-23:61
MERGED from [com.android.support:support-compat:25.3.1] AndroidManifest.xml:21:5-23:58
	tools:overrideLibrary
		ADDED from [com.android.support:appcompat-v7:25.3.1] AndroidManifest.xml:23:9-75
	android:targetSdkVersion
		INJECTED from src\main\AndroidManifest.xml
		INJECTED from src\main\AndroidManifest.xml
	android:minSdkVersion
		INJECTED from src\main\AndroidManifest.xml
		INJECTED from src\main\AndroidManifest.xml
meta-data#android.support.VERSION
ADDED from [com.android.support:appcompat-v7:25.3.1] AndroidManifest.xml:25:5-27:34
MERGED from [com.android.support:animated-vector-drawable:25.3.1] AndroidManifest.xml:22:5-24:34
MERGED from [com.android.support:support-vector-drawable:25.3.1] AndroidManifest.xml:22:5-24:34
MERGED from [com.android.support:support-v4:25.3.1] AndroidManifest.xml:25:5-27:34
MERGED from [com.android.support:support-fragment:25.3.1] AndroidManifest.xml:25:5-27:34
MERGED from [com.android.support:support-media-compat:25.3.1] AndroidManifest.xml:25:5-27:34
MERGED from [com.android.support:support-core-ui:25.3.1] AndroidManifest.xml:25:5-27:34
MERGED from [com.android.support:support-core-utils:25.3.1] AndroidManifest.xml:25:5-27:34
MERGED from [com.android.support:support-compat:25.3.1] AndroidManifest.xml:25:5-27:34
	android:value
		ADDED from [com.android.support:appcompat-v7:25.3.1] AndroidManifest.xml:27:9-31
	android:name
		ADDED from [com.android.support:appcompat-v7:25.3.1] AndroidManifest.xml:26:9-47
uses-permission#android.permission.WRITE_EXTERNAL_STORAGE
IMPLIED from src\main\AndroidManifest.xml:17:1-72:12 reason: com.qihoo360.replugin.library has a targetSdkVersion < 4
uses-permission#android.permission.READ_PHONE_STATE
IMPLIED from src\main\AndroidManifest.xml:17:1-72:12 reason: com.qihoo360.replugin.library has a targetSdkVersion < 4
uses-permission#android.permission.READ_EXTERNAL_STORAGE
IMPLIED from src\main\AndroidManifest.xml:17:1-72:12 reason: com.qihoo360.replugin.library requested WRITE_EXTERNAL_STORAGE